{
  "stats": {
    "suites": 1,
    "tests": 2,
    "passes": 2,
    "pending": 0,
    "failures": 0,
    "start": "2022-04-11T10:25:24.216Z",
    "end": "2022-04-11T10:25:31.608Z",
    "duration": 7392,
    "testsRegistered": 2,
    "passPercent": 100,
    "pendingPercent": 0,
    "other": 0,
    "hasOther": false,
    "skipped": 0,
    "hasSkipped": false
  },
  "results": [
    {
      "uuid": "33d913c9-0b4f-45c7-81ec-dc6707637c96",
      "title": "",
      "fullFile": "cypress/integration/aliasing.spec.js",
      "file": "cypress/integration/aliasing.spec.js",
      "beforeHooks": [],
      "afterHooks": [],
      "tests": [],
      "suites": [
        {
          "uuid": "76a7cb21-d472-4bd1-8e42-71791720850f",
          "title": "Aliasing",
          "fullFile": "",
          "file": "",
          "beforeHooks": [],
          "afterHooks": [],
          "tests": [
            {
              "title": ".as() - alias a DOM element for later use",
              "fullTitle": "Aliasing .as() - alias a DOM element for later use",
              "timedOut": null,
              "duration": 1357,
              "state": "passed",
              "speed": "fast",
              "pass": true,
              "fail": false,
              "pending": false,
              "context": null,
              "code": "// https://on.cypress.io/as\n// Alias a DOM element for use later\n// We don't have to traverse to the element\n// later in our code, we reference it with @\ncy.get(\".as-table\").find(\"tbody>tr\").first().find(\"td\").first().find(\"button\").as(\"firstBtn\"); // when we reference the alias, we place an\n// @ in front of its name\ncy.get(\"@firstBtn\").click();\ncy.get(\"@firstBtn\").should(\"have.class\", \"btn-success\").and(\"contain\", \"Changed\");",
              "err": {},
              "uuid": "f9c42b57-0cae-43f6-ac67-13e7bdc45aaf",
              "parentUUID": "76a7cb21-d472-4bd1-8e42-71791720850f",
              "isHook": false,
              "skipped": false
            },
            {
              "title": ".as() - alias a route for later use",
              "fullTitle": "Aliasing .as() - alias a route for later use",
              "timedOut": null,
              "duration": 3484,
              "state": "passed",
              "speed": "fast",
              "pass": true,
              "fail": false,
              "pending": false,
              "context": null,
              "code": "// Alias the route to wait for its response\ncy.intercept(\"GET\", \"**/comments/*\").as(\"getComment\"); // we have code that gets a comment when\n// the button is clicked in scripts.js\ncy.get(\".network-btn\").click(); // https://on.cypress.io/wait\ncy.wait(\"@getComment\").its(\"response.statusCode\").should(\"eq\", 200);",
              "err": {},
              "uuid": "7c5d1da6-de6e-4dfc-afc2-4af2712f612d",
              "parentUUID": "76a7cb21-d472-4bd1-8e42-71791720850f",
              "isHook": false,
              "skipped": false
            }
          ],
          "suites": [],
          "passes": [
            "f9c42b57-0cae-43f6-ac67-13e7bdc45aaf",
            "7c5d1da6-de6e-4dfc-afc2-4af2712f612d"
          ],
          "failures": [],
          "pending": [],
          "skipped": [],
          "duration": 4841,
          "root": false,
          "rootEmpty": false,
          "_timeout": 2000
        }
      ],
      "passes": [],
      "failures": [],
      "pending": [],
      "skipped": [],
      "duration": 0,
      "root": true,
      "rootEmpty": true,
      "_timeout": 2000
    }
  ],
  "meta": {
    "mocha": {
      "version": "7.0.1"
    },
    "mochawesome": {
      "options": {
        "quiet": false,
        "reportFilename": "mochawesome",
        "saveHtml": false,
        "saveJson": true,
        "consoleReporter": "spec",
        "useInlineDiffs": false,
        "code": true
      },
      "version": "7.1.3"
    },
    "marge": {
      "options": {
        "reportDir": "cypress/results",
        "overwrite": false,
        "html": false,
        "json": true
      },
      "version": "6.2.0"
    }
  }
}